<?xml version="1.0" encoding="UTF-8"?>
<!-- Generated by org.testng.reporters.JUnitReportReporter -->
<testsuite skipped="2" hostname="LAPTOP-D2GVCL39" name="selnium.MyFirstMavenProject.AssertsInTestNG.enableDependentInvocation" tests="8" failures="1" timestamp="2022-07-25T16:50:47 IST" time="0.045" errors="0">
  <testcase name="TT" time="0.012" classname="selnium.MyFirstMavenProject.AssertsInTestNG.enableDependentInvocation"/>
  <system-out/>
  <testcase name="TT" time="0.009" classname="selnium.MyFirstMavenProject.AssertsInTestNG.enableDependentInvocation"/>
  <system-out/>
  <testcase name="TT" time="0.004" classname="selnium.MyFirstMavenProject.AssertsInTestNG.enableDependentInvocation"/>
  <system-out/>
  <testcase name="TT" time="0.002" classname="selnium.MyFirstMavenProject.AssertsInTestNG.enableDependentInvocation"/>
  <system-out/>
  <testcase name="TT" time="0.006" classname="selnium.MyFirstMavenProject.AssertsInTestNG.enableDependentInvocation"/>
  <system-out/>
  <testcase name="verifyUserCanSendEmail" time="0.000" classname="selnium.MyFirstMavenProject.AssertsInTestNG.enableDependentInvocation">
    <skipped/>
  </testcase> <!-- verifyUserCanSendEmail -->
  <system-out/>
  <testcase name="verifyUserCanLoginToSystem" time="0.012" classname="selnium.MyFirstMavenProject.AssertsInTestNG.enableDependentInvocation">
    <failure type="java.lang.AssertionError" message="User name is not displayed on UI expected [true] but found [false]">
      <![CDATA[java.lang.AssertionError: User name is not displayed on UI expected [true] but found [false]
at org.testng.Assert.fail(Assert.java:99)
at org.testng.Assert.failNotEquals(Assert.java:1037)
at org.testng.Assert.assertTrue(Assert.java:45)
at selnium.MyFirstMavenProject.AssertsInTestNG.enableDependentInvocation.verifyUserCanLoginToSystem(enableDependentInvocation.java:41)
at sun.reflect.NativeMethodAccessorImpl.invoke0(Native Method)
at sun.reflect.NativeMethodAccessorImpl.invoke(Unknown Source)
at sun.reflect.DelegatingMethodAccessorImpl.invoke(Unknown Source)
at java.lang.reflect.Method.invoke(Unknown Source)
at org.testng.internal.MethodInvocationHelper.invokeMethod(MethodInvocationHelper.java:132)
at org.testng.internal.TestInvoker.invokeMethod(TestInvoker.java:599)
at org.testng.internal.TestInvoker.invokeTestMethod(TestInvoker.java:174)
at org.testng.internal.MethodRunner.runInSequence(MethodRunner.java:46)
at org.testng.internal.TestInvoker$MethodInvocationAgent.invoke(TestInvoker.java:822)
at org.testng.internal.TestInvoker.invokeTestMethods(TestInvoker.java:147)
at org.testng.internal.TestMethodWorker.invokeTestMethods(TestMethodWorker.java:146)
at org.testng.internal.TestMethodWorker.run(TestMethodWorker.java:128)
at java.util.concurrent.ThreadPoolExecutor.runWorker(Unknown Source)
at java.util.concurrent.ThreadPoolExecutor$Worker.run(Unknown Source)
at java.lang.Thread.run(Unknown Source)
]]>
    </failure>
  </testcase> <!-- verifyUserCanLoginToSystem -->
  <system-out/>
  <testcase name="verifyUserCanSeeEmailInSendBox" classname="selnium.MyFirstMavenProject.AssertsInTestNG.enableDependentInvocation">
    <skipped/>
  </testcase> <!-- verifyUserCanSeeEmailInSendBox -->
  <system-out/>
</testsuite> <!-- selnium.MyFirstMavenProject.AssertsInTestNG.enableDependentInvocation -->
